<?xml version="1.0" encoding="UTF-8"?>
<!-- Generated by org.testng.reporters.JUnitReportReporter -->
<testsuite hostname="DESKTOP-QEML4QP" failures="0" tests="3" name="TestingPractice.tests.standAloneTest" time="43.542" errors="0" timestamp="10 Sep 2024 12:32:39 GMT" skipped="0">
  <testcase classname="TestingPractice.tests.standAloneTest" name="submitOrder" time="17.578"/>
  <testcase classname="TestingPractice.tests.standAloneTest" name="orderHistoryTest" time="6.074"/>
  <testcase classname="TestingPractice.tests.standAloneTest" name="submitOrder" time="19.890"/>
</testsuite> <!-- TestingPractice.tests.standAloneTest -->
