<?xml version="1.0" encoding="UTF-8"?>
<!-- Generated by org.testng.reporters.JUnitReportReporter -->
<testsuite hostname="DESKTOP-QEML4QP" failures="0" tests="3" name="TestingPractice.tests.standAloneTest" time="35.618" errors="0" timestamp="11 Sep 2024 12:39:06 GMT" skipped="0">
  <testcase classname="TestingPractice.tests.standAloneTest" name="submitOrder" time="8.231"/>
  <testcase classname="TestingPractice.tests.standAloneTest" name="submitOrder" time="19.969"/>
  <testcase classname="TestingPractice.tests.standAloneTest" name="orderHistoryTest" time="7.418"/>
</testsuite> <!-- TestingPractice.tests.standAloneTest -->
