<?xml version="1.0" encoding="UTF-8"?>
<!-- Generated by org.testng.reporters.JUnitReportReporter -->
<testsuite hostname="DESKTOP-QEML4QP" failures="0" tests="2" name="TestingPractice.tests.errorValidation" time="12.340" errors="0" timestamp="11 Sep 2024 12:39:06 GMT" skipped="0">
  <testcase classname="TestingPractice.tests.errorValidation" name="submitOrder" time="4.601"/>
  <testcase classname="TestingPractice.tests.errorValidation" name="submitOrder2" time="7.739"/>
</testsuite> <!-- TestingPractice.tests.errorValidation -->
